<?xml version="1.0" encoding="UTF-8"?>
<!-- Generated by org.testng.reporters.JUnitReportReporter -->
<testsuite hostname="RPA" failures="0" tests="4" name="BlueXUser" time="4.139" errors="0" timestamp="2022-06-07T19:00:41 IST" skipped="0">
  <testcase classname="BlueXUser" name="createUser" time="2.497"/>
  <system-out/>
  <testcase classname="BlueXUser" name="getUser" time="0.366"/>
  <system-out/>
  <testcase classname="BlueXUser" name="updateUser" time="0.736"/>
  <system-out/>
  <testcase classname="BlueXUser" name="deleteUser" time="0.540"/>
  <system-out/>
</testsuite> <!-- BlueXUser -->
