<?xml version="1.0" encoding="UTF-8"?>
<!-- Generated by org.testng.reporters.JUnitReportReporter -->
<testsuite hostname="RPA" failures="0" tests="1" name="BlueXBooking" time="6.113" errors="0" timestamp="2022-06-07T19:00:41 IST" skipped="0">
  <testcase classname="BlueXBooking" name="getQuote" time="6.113"/>
  <system-out/>
</testsuite> <!-- BlueXBooking -->
