<?xml version="1.0" encoding="UTF-8"?>
<!-- Generated by org.testng.reporters.JUnitReportReporter -->
<testsuite hostname="RPA" failures="0" tests="2" name="ContentExtraction" time="36.058" errors="0" timestamp="2022-06-07T19:00:41 IST" skipped="0">
  <testcase classname="ContentExtraction" name="splitClassification" time="5.944"/>
  <system-out/>
  <testcase classname="ContentExtraction" name="extraction" time="30.114"/>
  <system-out/>
</testsuite> <!-- ContentExtraction -->
