<?xml version="1.0" encoding="UTF-8"?>
<!-- Generated by org.testng.reporters.JUnitReportReporter -->
<testsuite hostname="RPA" failures="0" tests="2" name="ContentExtraction" time="33.509" errors="0" timestamp="2022-06-10T10:35:53 IST" skipped="0">
  <testcase classname="ContentExtraction" name="splitClassification" time="4.326"/>
  <system-out/>
  <testcase classname="ContentExtraction" name="extraction" time="29.183"/>
  <system-out/>
</testsuite> <!-- ContentExtraction -->
