<?xml version="1.0" encoding="UTF-8"?>
<!-- Generated by org.testng.reporters.JUnitReportReporter -->
<testsuite hostname="RPA" failures="0" tests="2" name="BlueXBooking" time="10.687" errors="0" timestamp="2022-06-10T10:35:53 IST" skipped="0">
  <testcase classname="BlueXBooking" name="getBookingDetail" time="6.138"/>
  <system-out/>
  <testcase classname="BlueXBooking" name="getQuote" time="4.549"/>
  <system-out/>
</testsuite> <!-- BlueXBooking -->
