<?xml version="1.0" encoding="UTF-8"?>
<!-- Generated by org.testng.reporters.JUnitReportReporter -->
<testsuite hostname="RPA" failures="0" tests="4" name="BlueXUser" time="4.246" errors="0" timestamp="2022-06-10T10:35:53 IST" skipped="0">
  <testcase classname="BlueXUser" name="createUser" time="2.332"/>
  <system-out/>
  <testcase classname="BlueXUser" name="getUser" time="0.442"/>
  <system-out/>
  <testcase classname="BlueXUser" name="updateUser" time="0.722"/>
  <system-out/>
  <testcase classname="BlueXUser" name="deleteUser" time="0.750"/>
  <system-out/>
</testsuite> <!-- BlueXUser -->
